[38;5;6m [38;5;5m13:04:10.72 [0m
[38;5;6m [38;5;5m13:04:10.72 [0m[1mWelcome to the Bitnami spark container[0m
[38;5;6m [38;5;5m13:04:10.73 [0mSubscribe to project updates by watching [1mhttps://github.com/bitnami/bitnami-docker-spark[0m
[38;5;6m [38;5;5m13:04:10.73 [0mSubmit issues and feature requests at [1mhttps://github.com/bitnami/bitnami-docker-spark/issues[0m
[38;5;6m [38;5;5m13:04:10.73 [0m
[38;5;6m [38;5;5m13:04:10.74 [0m[38;5;2mINFO [0m ==> ** Starting Spark setup **
[38;5;6m [38;5;5m13:04:10.76 [0m[38;5;2mINFO [0m ==> Generating Spark configuration file...
[38;5;6m [38;5;5m13:04:10.77 [0m[38;5;2mINFO [0m ==> ** Spark setup finished! **

[38;5;6m [38;5;5m13:04:10.78 [0m[38;5;2mINFO [0m ==> ** Starting Spark in master mode **
starting org.apache.spark.deploy.master.Master, logging to /opt/bitnami/spark/logs/spark--org.apache.spark.deploy.master.Master-1-a35c413bf2fd.out
Spark Command: /opt/bitnami/java/bin/java -cp /opt/bitnami/spark/conf/:/opt/bitnami/spark/jars/* -Xmx1g org.apache.spark.deploy.master.Master --host a35c413bf2fd --port 7077 --webui-port 8080
========================================
Using Spark's default log4j profile: org/apache/spark/log4j-defaults.properties
21/06/06 13:04:12 INFO Master: Started daemon with process name: 39@a35c413bf2fd
21/06/06 13:04:12 INFO SignalUtils: Registering signal handler for TERM
21/06/06 13:04:12 INFO SignalUtils: Registering signal handler for HUP
21/06/06 13:04:12 INFO SignalUtils: Registering signal handler for INT
21/06/06 13:04:13 WARN NativeCodeLoader: Unable to load native-hadoop library for your platform... using builtin-java classes where applicable
21/06/06 13:04:13 INFO SecurityManager: Changing view acls to: spark
21/06/06 13:04:13 INFO SecurityManager: Changing modify acls to: spark
21/06/06 13:04:13 INFO SecurityManager: Changing view acls groups to: 
21/06/06 13:04:13 INFO SecurityManager: Changing modify acls groups to: 
21/06/06 13:04:13 INFO SecurityManager: SecurityManager: authentication disabled; ui acls disabled; users  with view permissions: Set(spark); groups with view permissions: Set(); users  with modify permissions: Set(spark); groups with modify permissions: Set()
21/06/06 13:04:14 INFO Utils: Successfully started service 'sparkMaster' on port 7077.
21/06/06 13:04:14 INFO Master: Starting Spark master at spark://a35c413bf2fd:7077
21/06/06 13:04:14 INFO Master: Running Spark version 3.1.2
21/06/06 13:04:15 INFO Utils: Successfully started service 'MasterUI' on port 8080.
21/06/06 13:04:15 INFO MasterWebUI: Bound MasterWebUI to 0.0.0.0, and started at http://a35c413bf2fd:8080
21/06/06 13:04:15 INFO Master: I have been elected leader! New state: ALIVE
21/06/06 13:04:18 INFO Master: Registering worker 172.21.0.4:45663 with 1 cores, 1024.0 MiB RAM
